<?xml version="1.0" encoding="UTF-8"?>
<!-- Generated by org.testng.reporters.JUnitXMLReporter -->
<testsuite ignored="1" hostname="admin" failures="0" tests="1" name="Default test" time="18.551" errors="0" timestamp="2022-04-01T11:53:17 IST">
  <testcase classname="com.questyautomationtestcases.SearchUITest" name="loginwithvalidcredentials" time="16.188"/>
  <testcase classname="com.questyautomationtestcases.SearchUITest" name="loginwithadmincredentials" time="0.0">
    <ignored/>
  </testcase> <!-- loginwithadmincredentials -->
</testsuite> <!-- Default test -->
