<?xml version="1.0" encoding="UTF-8"?>
<testng-results ignored="1" total="2" passed="1" failed="0" skipped="0">
  <reporter-output>
  </reporter-output>
  <suite started-at="2022-04-01T11:52:58 IST" name="Default suite" finished-at="2022-04-01T11:53:17 IST" duration-ms="18551">
    <groups>
    </groups>
    <test started-at="2022-04-01T11:52:58 IST" name="Default test" finished-at="2022-04-01T11:53:17 IST" duration-ms="18551">
      <class name="com.questyautomationtestcases.SearchUITest">
        <test-method is-config="true" signature="setup()[pri:0, instance:com.questyautomationtestcases.SearchUITest@33065d67]" started-at="2022-04-01T11:52:58 IST" name="setup" finished-at="2022-04-01T11:53:01 IST" duration-ms="2233" status="PASS">
          <reporter-output>
          </reporter-output>
        </test-method> <!-- setup -->
        <test-method signature="loginwithvalidcredentials()[pri:1, instance:com.questyautomationtestcases.SearchUITest@33065d67]" started-at="2022-04-01T11:53:01 IST" name="loginwithvalidcredentials" finished-at="2022-04-01T11:53:17 IST" duration-ms="16188" status="PASS">
          <reporter-output>
          </reporter-output>
        </test-method> <!-- loginwithvalidcredentials -->
        <test-method is-config="true" signature="tearDown()[pri:0, instance:com.questyautomationtestcases.SearchUITest@33065d67]" started-at="2022-04-01T11:53:17 IST" name="tearDown" finished-at="2022-04-01T11:53:17 IST" duration-ms="91" status="PASS">
          <reporter-output>
          </reporter-output>
        </test-method> <!-- tearDown -->
      </class> <!-- com.questyautomationtestcases.SearchUITest -->
    </test> <!-- Default test -->
  </suite> <!-- Default suite -->
</testng-results>
